This file contains any messages produced by compilers while
running configure, to aid debugging if configure makes a mistake.

It was created by WiredTiger configure 2.8.1, which was
generated by GNU Autoconf 2.69.  Invocation command line was

  $ ./configure 

## --------- ##
## Platform. ##
## --------- ##

hostname = r101072137.sqa.zmf
uname -m = x86_64
uname -r = 2.6.32-220.23.2.ali878.el6.x86_64
uname -s = Linux
uname -v = #1 SMP Mon Jan 28 17:12:52 CST 2013

/usr/bin/uname -p = unknown
/bin/uname -X     = unknown

/bin/arch              = x86_64
/usr/bin/arch -k       = unknown
/usr/convex/getsysinfo = unknown
/usr/bin/hostinfo      = unknown
/bin/machine           = unknown
/usr/bin/oslevel       = unknown
/bin/universe          = unknown

PATH: /home/xixuan.lx/go/bin
PATH: /home/xixuan.lx/gcc-4.8.2/bin/
PATH: /var/lib/mongodb-mms-automation/bin
PATH: /usr/java/jdk1.6.0_20/bin
PATH: /usr/local/bin
PATH: /bin
PATH: /usr/bin
PATH: /usr/local/sbin
PATH: /usr/sbin
PATH: /sbin
PATH: /usr/X11R6/bin
PATH: /opt/python27/bin
PATH: .
PATH: /home/xixuan.lx/bin


## ----------- ##
## Core tests. ##
## ----------- ##

configure:2903: checking for a BSD-compatible install
configure:2971: result: /usr/bin/install -c
configure:2982: checking whether build environment is sane
configure:3037: result: yes
configure:3188: checking for a thread-safe mkdir -p
configure:3227: result: /bin/mkdir -p
configure:3234: checking for gawk
configure:3250: found /bin/gawk
configure:3261: result: gawk
configure:3272: checking whether make sets $(MAKE)
configure:3294: result: yes
configure:3323: checking whether make supports nested variables
configure:3340: result: yes
configure:3477: checking whether make supports nested variables
configure:3494: result: yes
configure:3564: checking for cc
configure:3580: found /usr/bin/cc
configure:3591: result: cc
configure:3622: checking for C compiler version
configure:3631: cc --version >&5
cc (GCC) 4.4.6 20110731 (Red Hat 4.4.6-3)
Copyright (C) 2010 Free Software Foundation, Inc.
This is free software; see the source for copying conditions.  There is NO
warranty; not even for MERCHANTABILITY or FITNESS FOR A PARTICULAR PURPOSE.

configure:3642: $? = 0
configure:3631: cc -v >&5
Using built-in specs.
Target: x86_64-redhat-linux
Configured with: ../configure --prefix=/usr --mandir=/usr/share/man --infodir=/usr/share/info --with-bugurl=http://bugzilla.redhat.com/bugzilla --enable-bootstrap --enable-shared --enable-threads=posix --enable-checking=release --with-system-zlib --enable-__cxa_atexit --disable-libunwind-exceptions --enable-gnu-unique-object --enable-languages=c,c++,objc,obj-c++,java,fortran,ada --enable-java-awt=gtk --disable-dssi --with-java-home=/usr/lib/jvm/java-1.5.0-gcj-1.5.0.0/jre --enable-libgcj-multifile --enable-java-maintainer-mode --with-ecj-jar=/usr/share/java/eclipse-ecj.jar --disable-libjava-multilib --with-ppl --with-cloog --with-tune=generic --with-arch_32=i686 --build=x86_64-redhat-linux
Thread model: posix
gcc version 4.4.6 20110731 (Red Hat 4.4.6-3) (GCC) 
configure:3642: $? = 0
configure:3631: cc -V >&5
cc: '-V' option must have argument
configure:3642: $? = 1
configure:3631: cc -qversion >&5
cc: unrecognized option '-qversion'
cc: no input files
configure:3642: $? = 1
configure:3662: checking whether the C compiler works
configure:3684: cc -O3 -g   conftest.c  >&5
configure:3688: $? = 0
configure:3736: result: yes
configure:3739: checking for C compiler default output file name
configure:3741: result: a.out
configure:3747: checking for suffix of executables
configure:3754: cc -o conftest -O3 -g   conftest.c  >&5
configure:3758: $? = 0
configure:3780: result: 
configure:3802: checking whether we are cross compiling
configure:3810: cc -o conftest -O3 -g   conftest.c  >&5
configure:3814: $? = 0
configure:3821: ./conftest
configure:3825: $? = 0
configure:3840: result: no
configure:3845: checking for suffix of object files
configure:3867: cc -c -O3 -g  conftest.c >&5
configure:3871: $? = 0
configure:3892: result: o
configure:3896: checking whether we are using the GNU C compiler
configure:3915: cc -c -O3 -g  conftest.c >&5
configure:3915: $? = 0
configure:3924: result: yes
configure:3933: checking whether cc accepts -g
configure:3953: cc -c -g  conftest.c >&5
configure:3953: $? = 0
configure:3994: result: yes
configure:4011: checking for cc option to accept ISO C89
configure:4074: cc  -c -O3 -g  conftest.c >&5
configure:4074: $? = 0
configure:4087: result: none needed
configure:4112: checking whether cc understands -c and -o together
configure:4134: cc -c conftest.c -o conftest2.o
configure:4137: $? = 0
configure:4134: cc -c conftest.c -o conftest2.o
configure:4137: $? = 0
configure:4149: result: yes
configure:4177: checking for style of include used by make
configure:4205: result: GNU
configure:4231: checking dependency style of cc
configure:4342: result: gcc3
configure:4415: checking for c++
configure:4431: found /home/xixuan.lx/gcc-4.8.2/bin//c++
configure:4442: result: c++
configure:4469: checking for C++ compiler version
configure:4478: c++ --version >&5
c++ (GCC) 4.8.2
Copyright (C) 2013 Free Software Foundation, Inc.
This is free software; see the source for copying conditions.  There is NO
warranty; not even for MERCHANTABILITY or FITNESS FOR A PARTICULAR PURPOSE.

configure:4489: $? = 0
configure:4478: c++ -v >&5
Using built-in specs.
COLLECT_GCC=c++
COLLECT_LTO_WRAPPER=/home/xixuan.lx/gcc-4.8.2/bin/../libexec/gcc/x86_64-unknown-linux-gnu/4.8.2/lto-wrapper
Target: x86_64-unknown-linux-gnu
Configured with: ./configure --disable-multilib --prefix=/home/linqing.zyd/gcc-bin
Thread model: posix
gcc version 4.8.2 (GCC) 
configure:4489: $? = 0
configure:4478: c++ -V >&5
c++: error: unrecognized command line option '-V'
c++: fatal error: no input files
compilation terminated.
configure:4489: $? = 1
configure:4478: c++ -qversion >&5
c++: error: unrecognized command line option '-qversion'
c++: fatal error: no input files
compilation terminated.
configure:4489: $? = 1
configure:4493: checking whether we are using the GNU C++ compiler
configure:4512: c++ -c -O3 -g  conftest.cpp >&5
configure:4512: $? = 0
configure:4521: result: yes
configure:4530: checking whether c++ accepts -g
configure:4550: c++ -c -g  conftest.cpp >&5
configure:4550: $? = 0
configure:4591: result: yes
configure:4616: checking dependency style of c++
configure:4727: result: gcc3
configure:4751: checking dependency style of cc
configure:4860: result: gcc3
configure:4883: checking how to run the C preprocessor
configure:4914: cc -E  conftest.c
configure:4914: $? = 0
configure:4928: cc -E  conftest.c
conftest.c:11:28: error: ac_nonexistent.h: No such file or directory
configure:4928: $? = 1
configure: failed program was:
| /* confdefs.h */
| #define PACKAGE_NAME "WiredTiger"
| #define PACKAGE_TARNAME "wiredtiger"
| #define PACKAGE_VERSION "2.8.1"
| #define PACKAGE_STRING "WiredTiger 2.8.1"
| #define PACKAGE_BUGREPORT "support@wiredtiger.com"
| #define PACKAGE_URL ""
| #define PACKAGE "wiredtiger"
| #define VERSION "2.8.1"
| /* end confdefs.h.  */
| #include <ac_nonexistent.h>
configure:4953: result: cc -E
configure:4973: cc -E  conftest.c
configure:4973: $? = 0
configure:4987: cc -E  conftest.c
conftest.c:11:28: error: ac_nonexistent.h: No such file or directory
configure:4987: $? = 1
configure: failed program was:
| /* confdefs.h */
| #define PACKAGE_NAME "WiredTiger"
| #define PACKAGE_TARNAME "wiredtiger"
| #define PACKAGE_VERSION "2.8.1"
| #define PACKAGE_STRING "WiredTiger 2.8.1"
| #define PACKAGE_BUGREPORT "support@wiredtiger.com"
| #define PACKAGE_URL ""
| #define PACKAGE "wiredtiger"
| #define VERSION "2.8.1"
| /* end confdefs.h.  */
| #include <ac_nonexistent.h>
configure:5016: checking for grep that handles long lines and -e
configure:5074: result: /bin/grep
configure:5079: checking for egrep
configure:5141: result: /bin/grep -E
configure:5146: checking for ANSI C header files
configure:5166: cc -c -O3 -g  conftest.c >&5
configure:5166: $? = 0
configure:5239: cc -o conftest -O3 -g   conftest.c  >&5
configure:5239: $? = 0
configure:5239: ./conftest
configure:5239: $? = 0
configure:5250: result: yes
configure:5263: checking for sys/types.h
configure:5263: cc -c -O3 -g  conftest.c >&5
configure:5263: $? = 0
configure:5263: result: yes
configure:5263: checking for sys/stat.h
configure:5263: cc -c -O3 -g  conftest.c >&5
configure:5263: $? = 0
configure:5263: result: yes
configure:5263: checking for stdlib.h
configure:5263: cc -c -O3 -g  conftest.c >&5
configure:5263: $? = 0
configure:5263: result: yes
configure:5263: checking for string.h
configure:5263: cc -c -O3 -g  conftest.c >&5
configure:5263: $? = 0
configure:5263: result: yes
configure:5263: checking for memory.h
configure:5263: cc -c -O3 -g  conftest.c >&5
configure:5263: $? = 0
configure:5263: result: yes
configure:5263: checking for strings.h
configure:5263: cc -c -O3 -g  conftest.c >&5
configure:5263: $? = 0
configure:5263: result: yes
configure:5263: checking for inttypes.h
configure:5263: cc -c -O3 -g  conftest.c >&5
configure:5263: $? = 0
configure:5263: result: yes
configure:5263: checking for stdint.h
configure:5263: cc -c -O3 -g  conftest.c >&5
configure:5263: $? = 0
configure:5263: result: yes
configure:5263: checking for unistd.h
configure:5263: cc -c -O3 -g  conftest.c >&5
configure:5263: $? = 0
configure:5263: result: yes
configure:5278: checking if --enable-attach option specified
configure:5293: result: no
configure:5299: checking if --with-builtins option specified
configure:5350: result: 
configure:5354: checking if --enable-diagnostic option specified
configure:5369: result: no
configure:5372: checking if --enable-java option specified
configure:5388: result: no
configure:5399: checking if --enable-leveldb option specified
configure:5436: result: no
configure:5471: checking if --enable-python option specified
configure:5487: result: no
configure:5498: checking if --with-python-prefix option specified
configure:5506: result: 
configure:5509: checking if --enable-snappy option specified
configure:5530: result: no
configure:5598: checking if --enable-lz4 option specified
configure:5619: result: no
configure:5687: checking if --enable-tcmalloc option specified
configure:5700: result: no
configure:5769: checking if --with-spinlock option specified
configure:5790: result: pthread
configure:5793: checking if --enable-strict option specified
configure:5806: result: no
configure:5810: checking if --enable-verbose option specified
configure:5825: result: no
configure:5828: checking if --enable-zlib option specified
configure:5849: result: no
configure:5949: checking build system type
configure:5963: result: x86_64-unknown-linux-gnu
configure:5983: checking host system type
configure:5996: result: x86_64-unknown-linux-gnu
configure:6016: checking for a sed that does not truncate output
configure:6080: result: /bin/sed
configure:6098: checking for fgrep
configure:6160: result: /bin/grep -F
configure:6195: checking for ld used by cc
configure:6262: result: /usr/bin/ld
configure:6269: checking if the linker (/usr/bin/ld) is GNU ld
configure:6284: result: yes
configure:6296: checking for BSD- or MS-compatible name lister (nm)
configure:6345: result: /usr/bin/nm -B
configure:6463: checking the name lister (/usr/bin/nm -B) interface
configure:6470: cc -c -O3 -g  conftest.c >&5
configure:6473: /usr/bin/nm -B "conftest.o"
configure:6476: output
0000000000000000 B some_variable
configure:6483: result: BSD nm
configure:6486: checking whether ln -s works
configure:6490: result: yes
configure:6498: checking the maximum length of command line arguments
configure:6618: result: 1966080
configure:6635: checking whether the shell understands some XSI constructs
configure:6645: result: yes
configure:6649: checking whether the shell understands "+="
configure:6655: result: yes
configure:6690: checking for /usr/bin/ld option to reload object files
configure:6697: result: -r
configure:6766: checking for objdump
configure:6782: found /usr/bin/objdump
configure:6793: result: objdump
configure:6825: checking how to recognize dependent libraries
configure:7021: result: pass_all
configure:7081: checking for ar
configure:7097: found /usr/bin/ar
configure:7108: result: ar
configure:7186: checking for strip
configure:7202: found /usr/bin/strip
configure:7213: result: strip
configure:7285: checking for ranlib
configure:7301: found /usr/bin/ranlib
configure:7312: result: ranlib
configure:7402: checking command to parse /usr/bin/nm -B output from cc object
configure:7520: cc -c -O3 -g  conftest.c >&5
configure:7523: $? = 0
configure:7527: /usr/bin/nm -B conftest.o \| sed -n -e 's/^.*[	 ]\([ABCDGIRSTW][ABCDGIRSTW]*\)[	 ][	 ]*\([_A-Za-z][_A-Za-z0-9]*\)$/\1 \2 \2/p' \> conftest.nm
configure:7530: $? = 0
configure:7584: cc -o conftest -O3 -g   conftest.c conftstm.o >&5
configure:7587: $? = 0
configure:7625: result: ok
configure:7720: cc -c -O3 -g  conftest.c >&5
configure:7723: $? = 0
configure:8430: checking for dlfcn.h
configure:8430: cc -c -O3 -g  conftest.c >&5
configure:8430: $? = 0
configure:8430: result: yes
configure:8555: checking for C++ compiler version
configure:8564: c++ --version >&5
c++ (GCC) 4.8.2
Copyright (C) 2013 Free Software Foundation, Inc.
This is free software; see the source for copying conditions.  There is NO
warranty; not even for MERCHANTABILITY or FITNESS FOR A PARTICULAR PURPOSE.

configure:8575: $? = 0
configure:8564: c++ -v >&5
Using built-in specs.
COLLECT_GCC=c++
COLLECT_LTO_WRAPPER=/home/xixuan.lx/gcc-4.8.2/bin/../libexec/gcc/x86_64-unknown-linux-gnu/4.8.2/lto-wrapper
Target: x86_64-unknown-linux-gnu
Configured with: ./configure --disable-multilib --prefix=/home/linqing.zyd/gcc-bin
Thread model: posix
gcc version 4.8.2 (GCC) 
configure:8575: $? = 0
configure:8564: c++ -V >&5
c++: error: unrecognized command line option '-V'
c++: fatal error: no input files
compilation terminated.
configure:8575: $? = 1
configure:8564: c++ -qversion >&5
c++: error: unrecognized command line option '-qversion'
c++: fatal error: no input files
compilation terminated.
configure:8575: $? = 1
configure:8579: checking whether we are using the GNU C++ compiler
configure:8607: result: yes
configure:8616: checking whether c++ accepts -g
configure:8677: result: yes
configure:8702: checking dependency style of c++
configure:8813: result: gcc3
configure:8836: checking how to run the C++ preprocessor
configure:8863: c++ -E  conftest.cpp
configure:8863: $? = 0
configure:8877: c++ -E  conftest.cpp
conftest.cpp:23:28: fatal error: ac_nonexistent.h: No such file or directory
 #include <ac_nonexistent.h>
                            ^
compilation terminated.
configure:8877: $? = 1
configure: failed program was:
| /* confdefs.h */
| #define PACKAGE_NAME "WiredTiger"
| #define PACKAGE_TARNAME "wiredtiger"
| #define PACKAGE_VERSION "2.8.1"
| #define PACKAGE_STRING "WiredTiger 2.8.1"
| #define PACKAGE_BUGREPORT "support@wiredtiger.com"
| #define PACKAGE_URL ""
| #define PACKAGE "wiredtiger"
| #define VERSION "2.8.1"
| #define STDC_HEADERS 1
| #define HAVE_SYS_TYPES_H 1
| #define HAVE_SYS_STAT_H 1
| #define HAVE_STDLIB_H 1
| #define HAVE_STRING_H 1
| #define HAVE_MEMORY_H 1
| #define HAVE_STRINGS_H 1
| #define HAVE_INTTYPES_H 1
| #define HAVE_STDINT_H 1
| #define HAVE_UNISTD_H 1
| #define SPINLOCK_TYPE SPINLOCK_PTHREAD_MUTEX
| #define HAVE_DLFCN_H 1
| /* end confdefs.h.  */
| #include <ac_nonexistent.h>
configure:8902: result: c++ -E
configure:8922: c++ -E  conftest.cpp
configure:8922: $? = 0
configure:8936: c++ -E  conftest.cpp
conftest.cpp:23:28: fatal error: ac_nonexistent.h: No such file or directory
 #include <ac_nonexistent.h>
                            ^
compilation terminated.
configure:8936: $? = 1
configure: failed program was:
| /* confdefs.h */
| #define PACKAGE_NAME "WiredTiger"
| #define PACKAGE_TARNAME "wiredtiger"
| #define PACKAGE_VERSION "2.8.1"
| #define PACKAGE_STRING "WiredTiger 2.8.1"
| #define PACKAGE_BUGREPORT "support@wiredtiger.com"
| #define PACKAGE_URL ""
| #define PACKAGE "wiredtiger"
| #define VERSION "2.8.1"
| #define STDC_HEADERS 1
| #define HAVE_SYS_TYPES_H 1
| #define HAVE_SYS_STAT_H 1
| #define HAVE_STDLIB_H 1
| #define HAVE_STRING_H 1
| #define HAVE_MEMORY_H 1
| #define HAVE_STRINGS_H 1
| #define HAVE_INTTYPES_H 1
| #define HAVE_STDINT_H 1
| #define HAVE_UNISTD_H 1
| #define SPINLOCK_TYPE SPINLOCK_PTHREAD_MUTEX
| #define HAVE_DLFCN_H 1
| /* end confdefs.h.  */
| #include <ac_nonexistent.h>
configure:9141: checking for objdir
configure:9156: result: .libs
configure:9452: checking if cc supports -fno-rtti -fno-exceptions
configure:9470: cc -c -O3 -g  -fno-rtti -fno-exceptions conftest.c >&5
cc1: warning: command line option "-fno-rtti" is valid for C++/ObjC++ but not for C
configure:9474: $? = 0
configure:9487: result: no
configure:9507: checking for cc option to produce PIC
configure:9779: result: -fPIC -DPIC
configure:9791: checking if cc PIC flag -fPIC -DPIC works
configure:9809: cc -c -O3 -g  -fPIC -DPIC -DPIC conftest.c >&5
configure:9813: $? = 0
configure:9826: result: yes
configure:9850: checking if cc static flag -static works
configure:9878: result: no
configure:9893: checking if cc supports -c -o file.o
configure:9914: cc -c -O3 -g  -o out/conftest2.o conftest.c >&5
configure:9918: $? = 0
configure:9940: result: yes
configure:9948: checking if cc supports -c -o file.o
configure:9995: result: yes
configure:10028: checking whether the cc linker (/usr/bin/ld -m elf_x86_64) supports shared libraries
configure:11014: result: yes
configure:11051: checking whether -lc should be explicitly linked in
configure:11056: cc -c -O3 -g  conftest.c >&5
configure:11059: $? = 0
configure:11074: cc -shared conftest.o  -v -Wl,-soname -Wl,conftest -o conftest 2\>\&1 \| /bin/grep  -lc  \>/dev/null 2\>\&1
configure:11077: $? = 0
configure:11089: result: no
configure:11253: checking dynamic linker characteristics
configure:11686: cc -o conftest -O3 -g   -Wl,-rpath -Wl,/foo conftest.c  >&5
configure:11686: $? = 0
configure:11907: result: GNU/Linux ld.so
configure:12009: checking how to hardcode library paths into programs
configure:12034: result: immediate
configure:12554: checking whether stripping libraries is possible
configure:12559: result: yes
configure:12594: checking if libtool supports shared libraries
configure:12596: result: yes
configure:12599: checking whether to build shared libraries
configure:12620: result: yes
configure:12623: checking whether to build static libraries
configure:12627: result: yes
configure:12777: checking for ld used by c++
configure:12844: result: /usr/bin/ld -m elf_x86_64
configure:12851: checking if the linker (/usr/bin/ld -m elf_x86_64) is GNU ld
configure:12866: result: yes
configure:12921: checking whether the c++ linker (/usr/bin/ld -m elf_x86_64) supports shared libraries
configure:13834: result: yes
configure:13862: c++ -c -O3 -g  conftest.cpp >&5
configure:13865: $? = 0
configure:14047: checking for c++ option to produce PIC
configure:14364: result: -fPIC -DPIC
configure:14373: checking if c++ PIC flag -fPIC -DPIC works
configure:14391: c++ -c -O3 -g  -fPIC -DPIC -DPIC conftest.cpp >&5
configure:14395: $? = 0
configure:14408: result: yes
configure:14429: checking if c++ static flag -static works
configure:14457: result: no
configure:14469: checking if c++ supports -c -o file.o
configure:14490: c++ -c -O3 -g  -o out/conftest2.o conftest.cpp >&5
configure:14494: $? = 0
configure:14516: result: yes
configure:14521: checking if c++ supports -c -o file.o
configure:14568: result: yes
configure:14598: checking whether the c++ linker (/usr/bin/ld -m elf_x86_64) supports shared libraries
configure:14624: result: yes
configure:14761: checking dynamic linker characteristics
configure:15142: c++ -o conftest -O3 -g   -Wl,-rpath -Wl,/foo conftest.cpp  >&5
configure:15142: $? = 0
configure:15363: result: GNU/Linux ld.so
configure:15414: checking how to hardcode library paths into programs
configure:15439: result: immediate
configure:16856: checking for FILE *
configure:16856: cc -c -O3 -g  conftest.c >&5
configure:16856: $? = 0
configure:16856: cc -c -O3 -g  conftest.c >&5
conftest.c: In function 'main':
conftest.c:35: error: expected expression before ')' token
configure:16856: $? = 1
configure: failed program was:
| /* confdefs.h */
| #define PACKAGE_NAME "WiredTiger"
| #define PACKAGE_TARNAME "wiredtiger"
| #define PACKAGE_VERSION "2.8.1"
| #define PACKAGE_STRING "WiredTiger 2.8.1"
| #define PACKAGE_BUGREPORT "support@wiredtiger.com"
| #define PACKAGE_URL ""
| #define PACKAGE "wiredtiger"
| #define VERSION "2.8.1"
| #define STDC_HEADERS 1
| #define HAVE_SYS_TYPES_H 1
| #define HAVE_SYS_STAT_H 1
| #define HAVE_STDLIB_H 1
| #define HAVE_STRING_H 1
| #define HAVE_MEMORY_H 1
| #define HAVE_STRINGS_H 1
| #define HAVE_INTTYPES_H 1
| #define HAVE_STDINT_H 1
| #define HAVE_UNISTD_H 1
| #define SPINLOCK_TYPE SPINLOCK_PTHREAD_MUTEX
| #define HAVE_DLFCN_H 1
| #define LT_OBJDIR ".libs/"
| /* end confdefs.h.  */
| 
| #include <sys/types.h>
| #include <inttypes.h>
| #include <stdarg.h>
| #include <stdbool.h>
| #include <stdint.h>
| #include <stdio.h>
| 
| int
| main ()
| {
| if (sizeof ((FILE *)))
| 	    return 0;
|   ;
|   return 0;
| }
configure:16856: result: yes
configure:16865: checking for pid_t
configure:16865: cc -c -O3 -g  conftest.c >&5
configure:16865: $? = 0
configure:16865: cc -c -O3 -g  conftest.c >&5
conftest.c: In function 'main':
conftest.c:35: error: expected expression before ')' token
configure:16865: $? = 1
configure: failed program was:
| /* confdefs.h */
| #define PACKAGE_NAME "WiredTiger"
| #define PACKAGE_TARNAME "wiredtiger"
| #define PACKAGE_VERSION "2.8.1"
| #define PACKAGE_STRING "WiredTiger 2.8.1"
| #define PACKAGE_BUGREPORT "support@wiredtiger.com"
| #define PACKAGE_URL ""
| #define PACKAGE "wiredtiger"
| #define VERSION "2.8.1"
| #define STDC_HEADERS 1
| #define HAVE_SYS_TYPES_H 1
| #define HAVE_SYS_STAT_H 1
| #define HAVE_STDLIB_H 1
| #define HAVE_STRING_H 1
| #define HAVE_MEMORY_H 1
| #define HAVE_STRINGS_H 1
| #define HAVE_INTTYPES_H 1
| #define HAVE_STDINT_H 1
| #define HAVE_UNISTD_H 1
| #define SPINLOCK_TYPE SPINLOCK_PTHREAD_MUTEX
| #define HAVE_DLFCN_H 1
| #define LT_OBJDIR ".libs/"
| /* end confdefs.h.  */
| 
| #include <sys/types.h>
| #include <inttypes.h>
| #include <stdarg.h>
| #include <stdbool.h>
| #include <stdint.h>
| #include <stdio.h>
| 
| int
| main ()
| {
| if (sizeof ((pid_t)))
| 	    return 0;
|   ;
|   return 0;
| }
configure:16865: result: yes
configure:16874: checking for size_t
configure:16874: cc -c -O3 -g  conftest.c >&5
configure:16874: $? = 0
configure:16874: cc -c -O3 -g  conftest.c >&5
conftest.c: In function 'main':
conftest.c:35: error: expected expression before ')' token
configure:16874: $? = 1
configure: failed program was:
| /* confdefs.h */
| #define PACKAGE_NAME "WiredTiger"
| #define PACKAGE_TARNAME "wiredtiger"
| #define PACKAGE_VERSION "2.8.1"
| #define PACKAGE_STRING "WiredTiger 2.8.1"
| #define PACKAGE_BUGREPORT "support@wiredtiger.com"
| #define PACKAGE_URL ""
| #define PACKAGE "wiredtiger"
| #define VERSION "2.8.1"
| #define STDC_HEADERS 1
| #define HAVE_SYS_TYPES_H 1
| #define HAVE_SYS_STAT_H 1
| #define HAVE_STDLIB_H 1
| #define HAVE_STRING_H 1
| #define HAVE_MEMORY_H 1
| #define HAVE_STRINGS_H 1
| #define HAVE_INTTYPES_H 1
| #define HAVE_STDINT_H 1
| #define HAVE_UNISTD_H 1
| #define SPINLOCK_TYPE SPINLOCK_PTHREAD_MUTEX
| #define HAVE_DLFCN_H 1
| #define LT_OBJDIR ".libs/"
| /* end confdefs.h.  */
| 
| #include <sys/types.h>
| #include <inttypes.h>
| #include <stdarg.h>
| #include <stdbool.h>
| #include <stdint.h>
| #include <stdio.h>
| 
| int
| main ()
| {
| if (sizeof ((size_t)))
| 	    return 0;
|   ;
|   return 0;
| }
configure:16874: result: yes
configure:16883: checking for ssize_t
configure:16883: cc -c -O3 -g  conftest.c >&5
configure:16883: $? = 0
configure:16883: cc -c -O3 -g  conftest.c >&5
conftest.c: In function 'main':
conftest.c:35: error: expected expression before ')' token
configure:16883: $? = 1
configure: failed program was:
| /* confdefs.h */
| #define PACKAGE_NAME "WiredTiger"
| #define PACKAGE_TARNAME "wiredtiger"
| #define PACKAGE_VERSION "2.8.1"
| #define PACKAGE_STRING "WiredTiger 2.8.1"
| #define PACKAGE_BUGREPORT "support@wiredtiger.com"
| #define PACKAGE_URL ""
| #define PACKAGE "wiredtiger"
| #define VERSION "2.8.1"
| #define STDC_HEADERS 1
| #define HAVE_SYS_TYPES_H 1
| #define HAVE_SYS_STAT_H 1
| #define HAVE_STDLIB_H 1
| #define HAVE_STRING_H 1
| #define HAVE_MEMORY_H 1
| #define HAVE_STRINGS_H 1
| #define HAVE_INTTYPES_H 1
| #define HAVE_STDINT_H 1
| #define HAVE_UNISTD_H 1
| #define SPINLOCK_TYPE SPINLOCK_PTHREAD_MUTEX
| #define HAVE_DLFCN_H 1
| #define LT_OBJDIR ".libs/"
| /* end confdefs.h.  */
| 
| #include <sys/types.h>
| #include <inttypes.h>
| #include <stdarg.h>
| #include <stdbool.h>
| #include <stdint.h>
| #include <stdio.h>
| 
| int
| main ()
| {
| if (sizeof ((ssize_t)))
| 	    return 0;
|   ;
|   return 0;
| }
configure:16883: result: yes
configure:16892: checking for time_t
configure:16892: cc -c -O3 -g  conftest.c >&5
configure:16892: $? = 0
configure:16892: cc -c -O3 -g  conftest.c >&5
conftest.c: In function 'main':
conftest.c:35: error: expected expression before ')' token
configure:16892: $? = 1
configure: failed program was:
| /* confdefs.h */
| #define PACKAGE_NAME "WiredTiger"
| #define PACKAGE_TARNAME "wiredtiger"
| #define PACKAGE_VERSION "2.8.1"
| #define PACKAGE_STRING "WiredTiger 2.8.1"
| #define PACKAGE_BUGREPORT "support@wiredtiger.com"
| #define PACKAGE_URL ""
| #define PACKAGE "wiredtiger"
| #define VERSION "2.8.1"
| #define STDC_HEADERS 1
| #define HAVE_SYS_TYPES_H 1
| #define HAVE_SYS_STAT_H 1
| #define HAVE_STDLIB_H 1
| #define HAVE_STRING_H 1
| #define HAVE_MEMORY_H 1
| #define HAVE_STRINGS_H 1
| #define HAVE_INTTYPES_H 1
| #define HAVE_STDINT_H 1
| #define HAVE_UNISTD_H 1
| #define SPINLOCK_TYPE SPINLOCK_PTHREAD_MUTEX
| #define HAVE_DLFCN_H 1
| #define LT_OBJDIR ".libs/"
| /* end confdefs.h.  */
| 
| #include <sys/types.h>
| #include <inttypes.h>
| #include <stdarg.h>
| #include <stdbool.h>
| #include <stdint.h>
| #include <stdio.h>
| 
| int
| main ()
| {
| if (sizeof ((time_t)))
| 	    return 0;
|   ;
|   return 0;
| }
configure:16892: result: yes
configure:16904: checking for off_t
configure:16904: cc -c -O3 -g  conftest.c >&5
configure:16904: $? = 0
configure:16904: cc -c -O3 -g  conftest.c >&5
conftest.c: In function 'main':
conftest.c:35: error: expected expression before ')' token
configure:16904: $? = 1
configure: failed program was:
| /* confdefs.h */
| #define PACKAGE_NAME "WiredTiger"
| #define PACKAGE_TARNAME "wiredtiger"
| #define PACKAGE_VERSION "2.8.1"
| #define PACKAGE_STRING "WiredTiger 2.8.1"
| #define PACKAGE_BUGREPORT "support@wiredtiger.com"
| #define PACKAGE_URL ""
| #define PACKAGE "wiredtiger"
| #define VERSION "2.8.1"
| #define STDC_HEADERS 1
| #define HAVE_SYS_TYPES_H 1
| #define HAVE_SYS_STAT_H 1
| #define HAVE_STDLIB_H 1
| #define HAVE_STRING_H 1
| #define HAVE_MEMORY_H 1
| #define HAVE_STRINGS_H 1
| #define HAVE_INTTYPES_H 1
| #define HAVE_STDINT_H 1
| #define HAVE_UNISTD_H 1
| #define SPINLOCK_TYPE SPINLOCK_PTHREAD_MUTEX
| #define HAVE_DLFCN_H 1
| #define LT_OBJDIR ".libs/"
| /* end confdefs.h.  */
| 
| #include <sys/types.h>
| #include <inttypes.h>
| #include <stdarg.h>
| #include <stdbool.h>
| #include <stdint.h>
| #include <stdio.h>
| 
| int
| main ()
| {
| if (sizeof ((off_t)))
| 	    return 0;
|   ;
|   return 0;
| }
configure:16904: result: yes
configure:16916: checking for uintmax_t
configure:16916: cc -c -O3 -g  conftest.c >&5
configure:16916: $? = 0
configure:16916: cc -c -O3 -g  conftest.c >&5
conftest.c: In function 'main':
conftest.c:60: error: expected expression before ')' token
configure:16916: $? = 1
configure: failed program was:
| /* confdefs.h */
| #define PACKAGE_NAME "WiredTiger"
| #define PACKAGE_TARNAME "wiredtiger"
| #define PACKAGE_VERSION "2.8.1"
| #define PACKAGE_STRING "WiredTiger 2.8.1"
| #define PACKAGE_BUGREPORT "support@wiredtiger.com"
| #define PACKAGE_URL ""
| #define PACKAGE "wiredtiger"
| #define VERSION "2.8.1"
| #define STDC_HEADERS 1
| #define HAVE_SYS_TYPES_H 1
| #define HAVE_SYS_STAT_H 1
| #define HAVE_STDLIB_H 1
| #define HAVE_STRING_H 1
| #define HAVE_MEMORY_H 1
| #define HAVE_STRINGS_H 1
| #define HAVE_INTTYPES_H 1
| #define HAVE_STDINT_H 1
| #define HAVE_UNISTD_H 1
| #define SPINLOCK_TYPE SPINLOCK_PTHREAD_MUTEX
| #define HAVE_DLFCN_H 1
| #define LT_OBJDIR ".libs/"
| /* end confdefs.h.  */
| #include <stdio.h>
| #ifdef HAVE_SYS_TYPES_H
| # include <sys/types.h>
| #endif
| #ifdef HAVE_SYS_STAT_H
| # include <sys/stat.h>
| #endif
| #ifdef STDC_HEADERS
| # include <stdlib.h>
| # include <stddef.h>
| #else
| # ifdef HAVE_STDLIB_H
| #  include <stdlib.h>
| # endif
| #endif
| #ifdef HAVE_STRING_H
| # if !defined STDC_HEADERS && defined HAVE_MEMORY_H
| #  include <memory.h>
| # endif
| # include <string.h>
| #endif
| #ifdef HAVE_STRINGS_H
| # include <strings.h>
| #endif
| #ifdef HAVE_INTTYPES_H
| # include <inttypes.h>
| #endif
| #ifdef HAVE_STDINT_H
| # include <stdint.h>
| #endif
| #ifdef HAVE_UNISTD_H
| # include <unistd.h>
| #endif
| int
| main ()
| {
| if (sizeof ((uintmax_t)))
| 	    return 0;
|   ;
|   return 0;
| }
configure:16916: result: yes
configure:16932: checking for uintptr_t
configure:16932: cc -c -O3 -g  conftest.c >&5
configure:16932: $? = 0
configure:16932: cc -c -O3 -g  conftest.c >&5
conftest.c: In function 'main':
conftest.c:35: error: expected expression before ')' token
configure:16932: $? = 1
configure: failed program was:
| /* confdefs.h */
| #define PACKAGE_NAME "WiredTiger"
| #define PACKAGE_TARNAME "wiredtiger"
| #define PACKAGE_VERSION "2.8.1"
| #define PACKAGE_STRING "WiredTiger 2.8.1"
| #define PACKAGE_BUGREPORT "support@wiredtiger.com"
| #define PACKAGE_URL ""
| #define PACKAGE "wiredtiger"
| #define VERSION "2.8.1"
| #define STDC_HEADERS 1
| #define HAVE_SYS_TYPES_H 1
| #define HAVE_SYS_STAT_H 1
| #define HAVE_STDLIB_H 1
| #define HAVE_STRING_H 1
| #define HAVE_MEMORY_H 1
| #define HAVE_STRINGS_H 1
| #define HAVE_INTTYPES_H 1
| #define HAVE_STDINT_H 1
| #define HAVE_UNISTD_H 1
| #define SPINLOCK_TYPE SPINLOCK_PTHREAD_MUTEX
| #define HAVE_DLFCN_H 1
| #define LT_OBJDIR ".libs/"
| /* end confdefs.h.  */
| 
| #include <sys/types.h>
| #include <inttypes.h>
| #include <stdarg.h>
| #include <stdbool.h>
| #include <stdint.h>
| #include <stdio.h>
| 
| int
| main ()
| {
| if (sizeof ((uintptr_t)))
| 	    return 0;
|   ;
|   return 0;
| }
configure:16932: result: yes
configure:16946: checking x86intrin.h usability
configure:16946: cc -c -O3 -g  conftest.c >&5
configure:16946: $? = 0
configure:16946: result: yes
configure:16946: checking x86intrin.h presence
configure:16946: cc -E  conftest.c
configure:16946: $? = 0
configure:16946: result: yes
configure:16946: checking for x86intrin.h
configure:16946: result: yes
configure:16956: checking for pthread_create in -lpthread
configure:16981: cc -o conftest -O3 -g   conftest.c -lpthread   >&5
configure:16981: $? = 0
configure:16990: result: yes
configure:17001: checking for dlopen in -ldl
configure:17026: cc -o conftest -O3 -g   conftest.c -ldl  -lpthread  >&5
configure:17026: $? = 0
configure:17035: result: yes
configure:17046: checking for sched_yield in -lrt
configure:17071: cc -o conftest -O3 -g   conftest.c -lrt  -ldl -lpthread  >&5
configure:17071: $? = 0
configure:17080: result: yes
configure:17098: checking for clock_gettime
configure:17098: cc -o conftest -O3 -g   conftest.c -lrt -ldl -lpthread  >&5
configure:17098: $? = 0
configure:17098: result: yes
configure:17098: checking for fallocate
configure:17098: cc -o conftest -O3 -g   conftest.c -lrt -ldl -lpthread  >&5
configure:17098: $? = 0
configure:17098: result: yes
configure:17098: checking for fcntl
configure:17098: cc -o conftest -O3 -g   conftest.c -lrt -ldl -lpthread  >&5
configure:17098: $? = 0
configure:17098: result: yes
configure:17098: checking for fread_unlocked
configure:17098: cc -o conftest -O3 -g   conftest.c -lrt -ldl -lpthread  >&5
configure:17098: $? = 0
configure:17098: result: yes
configure:17098: checking for ftruncate
configure:17098: cc -o conftest -O3 -g   conftest.c -lrt -ldl -lpthread  >&5
configure:17098: $? = 0
configure:17098: result: yes
configure:17098: checking for gettimeofday
configure:17098: cc -o conftest -O3 -g   conftest.c -lrt -ldl -lpthread  >&5
configure:17098: $? = 0
configure:17098: result: yes
configure:17098: checking for posix_fadvise
configure:17098: cc -o conftest -O3 -g   conftest.c -lrt -ldl -lpthread  >&5
configure:17098: $? = 0
configure:17098: result: yes
configure:17098: checking for posix_fallocate
configure:17098: cc -o conftest -O3 -g   conftest.c -lrt -ldl -lpthread  >&5
configure:17098: $? = 0
configure:17098: result: yes
configure:17098: checking for posix_madvise
configure:17098: cc -o conftest -O3 -g   conftest.c -lrt -ldl -lpthread  >&5
configure:17098: $? = 0
configure:17098: result: yes
configure:17098: checking for strtouq
configure:17098: cc -o conftest -O3 -g   conftest.c -lrt -ldl -lpthread  >&5
configure:17098: $? = 0
configure:17098: result: yes
configure:17098: checking for sync_file_range
configure:17098: cc -o conftest -O3 -g   conftest.c -lrt -ldl -lpthread  >&5
configure:17098: $? = 0
configure:17098: result: yes
configure:17115: checking for fdatasync
configure:17115: cc -o conftest -O3 -g   conftest.c -lrt -ldl -lpthread  >&5
configure:17115: $? = 0
configure:17115: result: yes
configure:17128: checking for working posix_memalign
configure:17152: cc -o conftest -O3 -g   conftest.c -lrt -ldl -lpthread  >&5
configure:17152: $? = 0
configure:17152: ./conftest
configure:17152: $? = 0
configure:17162: result: yes
configure:17178: checking for special C compiler options needed for large files
configure:17223: result: no
configure:17229: checking for _FILE_OFFSET_BITS value needed for large files
configure:17254: cc -c -O3 -g  conftest.c >&5
configure:17254: $? = 0
configure:17286: result: no
configure:17372: checking whether byte ordering is bigendian
configure:17387: cc -c -O3 -g  conftest.c >&5
conftest.c:42: error: expected '=', ',', ';', 'asm' or '__attribute__' before 'a'
configure:17387: $? = 1
configure: failed program was:
| /* confdefs.h */
| #define PACKAGE_NAME "WiredTiger"
| #define PACKAGE_TARNAME "wiredtiger"
| #define PACKAGE_VERSION "2.8.1"
| #define PACKAGE_STRING "WiredTiger 2.8.1"
| #define PACKAGE_BUGREPORT "support@wiredtiger.com"
| #define PACKAGE_URL ""
| #define PACKAGE "wiredtiger"
| #define VERSION "2.8.1"
| #define STDC_HEADERS 1
| #define HAVE_SYS_TYPES_H 1
| #define HAVE_SYS_STAT_H 1
| #define HAVE_STDLIB_H 1
| #define HAVE_STRING_H 1
| #define HAVE_MEMORY_H 1
| #define HAVE_STRINGS_H 1
| #define HAVE_INTTYPES_H 1
| #define HAVE_STDINT_H 1
| #define HAVE_UNISTD_H 1
| #define SPINLOCK_TYPE SPINLOCK_PTHREAD_MUTEX
| #define HAVE_DLFCN_H 1
| #define LT_OBJDIR ".libs/"
| #define HAVE_X86INTRIN_H 1
| #define HAVE_LIBPTHREAD 1
| #define HAVE_LIBDL 1
| #define HAVE_LIBRT 1
| #define HAVE_CLOCK_GETTIME 1
| #define HAVE_FALLOCATE 1
| #define HAVE_FCNTL 1
| #define HAVE_FREAD_UNLOCKED 1
| #define HAVE_FTRUNCATE 1
| #define HAVE_GETTIMEOFDAY 1
| #define HAVE_POSIX_FADVISE 1
| #define HAVE_POSIX_FALLOCATE 1
| #define HAVE_POSIX_MADVISE 1
| #define HAVE_STRTOUQ 1
| #define HAVE_SYNC_FILE_RANGE 1
| #define HAVE_FDATASYNC 1
| #define HAVE_POSIX_MEMALIGN 1
| /* end confdefs.h.  */
| #ifndef __APPLE_CC__
| 	       not a universal capable compiler
| 	     #endif
| 	     typedef int dummy;
| 
configure:17432: cc -c -O3 -g  conftest.c >&5
configure:17432: $? = 0
configure:17450: cc -c -O3 -g  conftest.c >&5
conftest.c: In function 'main':
conftest.c:48: error: 'not' undeclared (first use in this function)
conftest.c:48: error: (Each undeclared identifier is reported only once
conftest.c:48: error: for each function it appears in.)
conftest.c:48: error: expected ';' before 'big'
configure:17450: $? = 1
configure: failed program was:
| /* confdefs.h */
| #define PACKAGE_NAME "WiredTiger"
| #define PACKAGE_TARNAME "wiredtiger"
| #define PACKAGE_VERSION "2.8.1"
| #define PACKAGE_STRING "WiredTiger 2.8.1"
| #define PACKAGE_BUGREPORT "support@wiredtiger.com"
| #define PACKAGE_URL ""
| #define PACKAGE "wiredtiger"
| #define VERSION "2.8.1"
| #define STDC_HEADERS 1
| #define HAVE_SYS_TYPES_H 1
| #define HAVE_SYS_STAT_H 1
| #define HAVE_STDLIB_H 1
| #define HAVE_STRING_H 1
| #define HAVE_MEMORY_H 1
| #define HAVE_STRINGS_H 1
| #define HAVE_INTTYPES_H 1
| #define HAVE_STDINT_H 1
| #define HAVE_UNISTD_H 1
| #define SPINLOCK_TYPE SPINLOCK_PTHREAD_MUTEX
| #define HAVE_DLFCN_H 1
| #define LT_OBJDIR ".libs/"
| #define HAVE_X86INTRIN_H 1
| #define HAVE_LIBPTHREAD 1
| #define HAVE_LIBDL 1
| #define HAVE_LIBRT 1
| #define HAVE_CLOCK_GETTIME 1
| #define HAVE_FALLOCATE 1
| #define HAVE_FCNTL 1
| #define HAVE_FREAD_UNLOCKED 1
| #define HAVE_FTRUNCATE 1
| #define HAVE_GETTIMEOFDAY 1
| #define HAVE_POSIX_FADVISE 1
| #define HAVE_POSIX_FALLOCATE 1
| #define HAVE_POSIX_MADVISE 1
| #define HAVE_STRTOUQ 1
| #define HAVE_SYNC_FILE_RANGE 1
| #define HAVE_FDATASYNC 1
| #define HAVE_POSIX_MEMALIGN 1
| /* end confdefs.h.  */
| #include <sys/types.h>
| 		#include <sys/param.h>
| 
| int
| main ()
| {
| #if BYTE_ORDER != BIG_ENDIAN
| 		 not big endian
| 		#endif
| 
|   ;
|   return 0;
| }
configure:17578: result: no
configure:17597: checking for a 64-bit build
configure:17599: cc -o conftest -O3 -g   conftest.c -lrt -ldl -lpthread  >&5
configure:17599: $? = 0
configure:17599: ./conftest
configure:17599: $? = 0
configure:17606: result: yes
configure:17630: checking if --with-berkeleydb=DIR option specified
configure:17640: result: NO_BERKELEY_DB_LIBRARY
configure:17654: checking if --with-helium=DIR option specified
configure:17664: result: NO_HELIUM_LIBRARY
configure:17709: checking for doxygen
configure:17725: found /usr/bin/doxygen
configure:17737: result: doxygen
configure:17941: checking that generated files are newer than configure
configure:17947: result: done
configure:18055: creating ./config.status

## ---------------------- ##
## Running config.status. ##
## ---------------------- ##

This file was extended by WiredTiger config.status 2.8.1, which was
generated by GNU Autoconf 2.69.  Invocation command line was

  CONFIG_FILES    = 
  CONFIG_HEADERS  = 
  CONFIG_LINKS    = 
  CONFIG_COMMANDS = 
  $ ./config.status 

on r101072137.sqa.zmf

config.status:1269: creating ext/collators/reverse/Makefile
config.status:1269: creating ext/collators/revint/Makefile
config.status:1269: creating ext/compressors/lz4/Makefile
config.status:1269: creating ext/compressors/nop/Makefile
config.status:1269: creating ext/compressors/snappy/Makefile
config.status:1269: creating ext/compressors/zlib/Makefile
config.status:1269: creating ext/datasources/helium/Makefile
config.status:1269: creating ext/encryptors/nop/Makefile
config.status:1269: creating ext/encryptors/rotn/Makefile
config.status:1269: creating ext/extractors/csv/Makefile
config.status:1269: creating ext/test/kvs_bdb/Makefile
config.status:1269: creating api/leveldb/Makefile
config.status:1269: creating bench/wtperf/Makefile
config.status:1269: creating examples/c/Makefile
config.status:1269: creating lang/java/Makefile
config.status:1269: creating examples/java/Makefile
config.status:1269: creating lang/python/Makefile
config.status:1269: creating test/utility/Makefile
config.status:1269: creating test/bloom/Makefile
config.status:1269: creating test/checkpoint/Makefile
config.status:1269: creating test/csuite/Makefile
config.status:1269: creating test/cursor_order/Makefile
config.status:1269: creating test/fops/Makefile
config.status:1269: creating test/format/Makefile
config.status:1269: creating test/huge/Makefile
config.status:1269: creating test/manydbs/Makefile
config.status:1269: creating test/packing/Makefile
config.status:1269: creating test/readonly/Makefile
config.status:1269: creating test/recovery/Makefile
config.status:1269: creating test/salvage/Makefile
config.status:1269: creating test/thread/Makefile
config.status:1269: creating Makefile
config.status:1269: creating wiredtiger.h
config.status:1269: creating wiredtiger.pc
config.status:1269: creating wiredtiger_config.h
config.status:1498: executing depfiles commands
config.status:1498: executing libtool commands

## ---------------- ##
## Cache variables. ##
## ---------------- ##

ac_cv_build=x86_64-unknown-linux-gnu
ac_cv_c_bigendian=no
ac_cv_c_compiler_gnu=yes
ac_cv_cxx_compiler_gnu=yes
ac_cv_env_CCASFLAGS_set=
ac_cv_env_CCASFLAGS_value=
ac_cv_env_CCAS_set=
ac_cv_env_CCAS_value=
ac_cv_env_CCC_set=
ac_cv_env_CCC_value=
ac_cv_env_CC_set=
ac_cv_env_CC_value=
ac_cv_env_CFLAGS_set=
ac_cv_env_CFLAGS_value=
ac_cv_env_CPPFLAGS_set=
ac_cv_env_CPPFLAGS_value=
ac_cv_env_CPP_set=
ac_cv_env_CPP_value=
ac_cv_env_CXXCPP_set=
ac_cv_env_CXXCPP_value=
ac_cv_env_CXXFLAGS_set=
ac_cv_env_CXXFLAGS_value=
ac_cv_env_CXX_set=
ac_cv_env_CXX_value=
ac_cv_env_LDFLAGS_set=
ac_cv_env_LDFLAGS_value=
ac_cv_env_LIBS_set=
ac_cv_env_LIBS_value=
ac_cv_env_PYTHON_set=
ac_cv_env_PYTHON_value=
ac_cv_env_build_alias_set=
ac_cv_env_build_alias_value=
ac_cv_env_host_alias_set=
ac_cv_env_host_alias_value=
ac_cv_env_target_alias_set=
ac_cv_env_target_alias_value=
ac_cv_func_clock_gettime=yes
ac_cv_func_fallocate=yes
ac_cv_func_fcntl=yes
ac_cv_func_fdatasync=yes
ac_cv_func_fread_unlocked=yes
ac_cv_func_ftruncate=yes
ac_cv_func_gettimeofday=yes
ac_cv_func_posix_fadvise=yes
ac_cv_func_posix_fallocate=yes
ac_cv_func_posix_madvise=yes
ac_cv_func_strtouq=yes
ac_cv_func_sync_file_range=yes
ac_cv_header_dlfcn_h=yes
ac_cv_header_inttypes_h=yes
ac_cv_header_memory_h=yes
ac_cv_header_stdc=yes
ac_cv_header_stdint_h=yes
ac_cv_header_stdlib_h=yes
ac_cv_header_string_h=yes
ac_cv_header_strings_h=yes
ac_cv_header_sys_stat_h=yes
ac_cv_header_sys_types_h=yes
ac_cv_header_unistd_h=yes
ac_cv_header_x86intrin_h=yes
ac_cv_host=x86_64-unknown-linux-gnu
ac_cv_lib_dl_dlopen=yes
ac_cv_lib_pthread_pthread_create=yes
ac_cv_lib_rt_sched_yield=yes
ac_cv_objext=o
ac_cv_path_EGREP='/bin/grep -E'
ac_cv_path_FGREP='/bin/grep -F'
ac_cv_path_GREP=/bin/grep
ac_cv_path_SED=/bin/sed
ac_cv_path_install='/usr/bin/install -c'
ac_cv_path_mkdir=/bin/mkdir
ac_cv_prog_AWK=gawk
ac_cv_prog_CPP='cc -E'
ac_cv_prog_CXXCPP='c++ -E'
ac_cv_prog_DOXYGEN=doxygen
ac_cv_prog_ac_ct_AR=ar
ac_cv_prog_ac_ct_CC=cc
ac_cv_prog_ac_ct_CXX=c++
ac_cv_prog_ac_ct_OBJDUMP=objdump
ac_cv_prog_ac_ct_RANLIB=ranlib
ac_cv_prog_ac_ct_STRIP=strip
ac_cv_prog_cc_c89=
ac_cv_prog_cc_g=yes
ac_cv_prog_cxx_g=yes
ac_cv_prog_make_make_set=yes
ac_cv_sizeof_void_p=8
ac_cv_sys_file_offset_bits=no
ac_cv_sys_largefile_CC=no
ac_cv_type_FILE_p=yes
ac_cv_type_off_t=yes
ac_cv_type_pid_t=yes
ac_cv_type_size_t=yes
ac_cv_type_ssize_t=yes
ac_cv_type_time_t=yes
ac_cv_type_uintmax_t=yes
ac_cv_type_uintptr_t=yes
am_cv_CCAS_dependencies_compiler_type=gcc3
am_cv_CC_dependencies_compiler_type=gcc3
am_cv_CXX_dependencies_compiler_type=gcc3
am_cv_make_support_nested_variables=yes
am_cv_prog_cc_c_o=yes
ax_cv_func_posix_memalign_works=yes
lt_cv_deplibs_check_method=pass_all
lt_cv_file_magic_cmd='$MAGIC_CMD'
lt_cv_file_magic_test_file=
lt_cv_ld_reload_flag=-r
lt_cv_nm_interface='BSD nm'
lt_cv_objdir=.libs
lt_cv_path_LD=/usr/bin/ld
lt_cv_path_LDCXX='/usr/bin/ld -m elf_x86_64'
lt_cv_path_NM='/usr/bin/nm -B'
lt_cv_prog_compiler_c_o=yes
lt_cv_prog_compiler_c_o_CXX=yes
lt_cv_prog_compiler_pic_works=yes
lt_cv_prog_compiler_pic_works_CXX=yes
lt_cv_prog_compiler_rtti_exceptions=no
lt_cv_prog_compiler_static_works=no
lt_cv_prog_compiler_static_works_CXX=no
lt_cv_prog_gnu_ld=yes
lt_cv_prog_gnu_ldcxx=yes
lt_cv_sys_global_symbol_pipe='sed -n -e '\''s/^.*[	 ]\([ABCDGIRSTW][ABCDGIRSTW]*\)[	 ][	 ]*\([_A-Za-z][_A-Za-z0-9]*\)$/\1 \2 \2/p'\'''
lt_cv_sys_global_symbol_to_c_name_address='sed -n -e '\''s/^: \([^ ]*\) $/  {\"\1\", (void *) 0},/p'\'' -e '\''s/^[ABCDGIRSTW]* \([^ ]*\) \([^ ]*\)$/  {"\2", (void *) \&\2},/p'\'''
lt_cv_sys_global_symbol_to_c_name_address_lib_prefix='sed -n -e '\''s/^: \([^ ]*\) $/  {\"\1\", (void *) 0},/p'\'' -e '\''s/^[ABCDGIRSTW]* \([^ ]*\) \(lib[^ ]*\)$/  {"\2", (void *) \&\2},/p'\'' -e '\''s/^[ABCDGIRSTW]* \([^ ]*\) \([^ ]*\)$/  {"lib\2", (void *) \&\2},/p'\'''
lt_cv_sys_global_symbol_to_cdecl='sed -n -e '\''s/^T .* \(.*\)$/extern int \1();/p'\'' -e '\''s/^[ABCDGIRSTW]* .* \(.*\)$/extern char \1;/p'\'''
lt_cv_sys_max_cmd_len=1966080
wt_cv_docs_exist=no
wt_cv_enable_attach=no
wt_cv_enable_basholeveldb=no
wt_cv_enable_diagnostic=no
wt_cv_enable_hyperleveldb=no
wt_cv_enable_java=no
wt_cv_enable_leveldb=no
wt_cv_enable_lz4=no
wt_cv_enable_python=no
wt_cv_enable_rocksdb=no
wt_cv_enable_snappy=no
wt_cv_enable_strict=no
wt_cv_enable_tcmalloc=no
wt_cv_enable_verbose=no
wt_cv_enable_zlib=no
wt_cv_powerpc=no

## ----------------- ##
## Output variables. ##
## ----------------- ##

#include <inttypes.h>
#include <stdarg.h>
#include <stdbool.h>
#include <stdint.h>
#include <stdio.h>'
#include <sys/types.h>
ACLOCAL='${SHELL} /home/xixuan.lx/taobao/wiredtiger-mongodb-3.2.9/build_posix/gnu-support/missing aclocal-1.15'
AMDEPBACKSLASH='\'
AMDEP_FALSE='#'
AMDEP_TRUE=''
AMTAR='$${TAR-tar}'
AM_BACKSLASH='\'
AM_CFLAGS=' -D_GNU_SOURCE'
AM_DEFAULT_V='$(AM_DEFAULT_VERBOSITY)'
AM_DEFAULT_VERBOSITY='1'
AM_LIBTOOLFLAGS=''
AM_V='$(V)'
AR='ar'
AUTOCONF='${SHELL} /home/xixuan.lx/taobao/wiredtiger-mongodb-3.2.9/build_posix/gnu-support/missing autoconf'
AUTOHEADER='${SHELL} /home/xixuan.lx/taobao/wiredtiger-mongodb-3.2.9/build_posix/gnu-support/missing autoheader'
AUTOMAKE='${SHELL} /home/xixuan.lx/taobao/wiredtiger-mongodb-3.2.9/build_posix/gnu-support/missing automake-1.15'
AWK='gawk'
BERKELEY_DB_PATH='NO_BERKELEY_DB_LIBRARY'
CC='cc'
CCAS='cc'
CCASDEPMODE='depmode=gcc3'
CCASFLAGS='-O3 -g'
CCDEPMODE='depmode=gcc3'
CFLAGS='-O3 -g'
CPP='cc -E'
CPPFLAGS=''
CXX='c++'
CXXCPP='c++ -E'
CXXDEPMODE='depmode=gcc3'
CXXFLAGS='-O3 -g'
CYGPATH_W='echo'
DEFS='-DHAVE_CONFIG_H'
DEPDIR='.deps'
DOXYGEN='doxygen'
DSYMUTIL=''
DUMPBIN=''
ECHO_C=''
ECHO_N='-n'
ECHO_T=''
EGREP='/bin/grep -E'
EXEEXT=''
FGREP='/bin/grep -F'
FILE_t_decl=''
GREP='/bin/grep'
HAVE_BASHOLEVELDB_FALSE=''
HAVE_BASHOLEVELDB_TRUE='#'
HAVE_BERKELEY_DB_FALSE=''
HAVE_BERKELEY_DB_TRUE='#'
HAVE_BUILTIN_EXTENSION_LZ4_FALSE=''
HAVE_BUILTIN_EXTENSION_LZ4_TRUE='#'
HAVE_BUILTIN_EXTENSION_SNAPPY_FALSE=''
HAVE_BUILTIN_EXTENSION_SNAPPY_TRUE='#'
HAVE_BUILTIN_EXTENSION_ZLIB_FALSE=''
HAVE_BUILTIN_EXTENSION_ZLIB_TRUE='#'
HAVE_HELIUM_FALSE=''
HAVE_HELIUM_TRUE='#'
HAVE_HYPERLEVELDB_FALSE=''
HAVE_HYPERLEVELDB_TRUE='#'
HAVE_ROCKSDB_FALSE=''
HAVE_ROCKSDB_TRUE='#'
HELIUM_PATH='NO_HELIUM_LIBRARY'
INSTALL_DATA='${INSTALL} -m 644'
INSTALL_PROGRAM='${INSTALL}'
INSTALL_SCRIPT='${INSTALL}'
INSTALL_STRIP_PROGRAM='$(install_sh) -c -s'
JAR=''
JAVA=''
JAVAC=''
JAVA_FALSE=''
JAVA_JUNIT=''
JAVA_TRUE='#'
JNI_CPPFLAGS=''
JUNIT=''
LD='/usr/bin/ld -m elf_x86_64'
LDFLAGS=''
LEVELDB_FALSE=''
LEVELDB_TRUE='#'
LIBOBJS=''
LIBS='-lrt -ldl -lpthread '
LIBTOOL='$(SHELL) $(top_builddir)/libtool'
LIBTOOL_DEPS='build_posix/gnu-support/ltmain.sh'
LIPO=''
LN_S='ln -s'
LTLIBOBJS=''
LZ4_FALSE=''
LZ4_TRUE='#'
MAKEINFO='${SHELL} /home/xixuan.lx/taobao/wiredtiger-mongodb-3.2.9/build_posix/gnu-support/missing makeinfo'
MAN1_PAGES='./docs/man/man1/wt.1'
MAN3_PAGES='./docs/man/man3/wiredtiger.3'
MKDIR_P='/bin/mkdir -p'
NM='/usr/bin/nm -B'
NMEDIT=''
OBJDUMP='objdump'
OBJEXT='o'
OTOOL64=''
OTOOL=''
PACKAGE='wiredtiger'
PACKAGE_BUGREPORT='support@wiredtiger.com'
PACKAGE_NAME='WiredTiger'
PACKAGE_STRING='WiredTiger 2.8.1'
PACKAGE_TARNAME='wiredtiger'
PACKAGE_URL=''
PACKAGE_VERSION='2.8.1'
PATH_SEPARATOR=':'
POSIX_HOST_FALSE='#'
POSIX_HOST_TRUE=''
POWERPC_HOST_FALSE=''
POWERPC_HOST_TRUE='#'
PYTHON=''
PYTHON_EXEC_PREFIX=''
PYTHON_FALSE=''
PYTHON_INSTALL_ARG=''
PYTHON_PLATFORM=''
PYTHON_PREFIX=''
PYTHON_TRUE='#'
PYTHON_VERSION=''
RANLIB='ranlib'
SED='/bin/sed'
SET_MAKE=''
SHELL='/bin/sh'
SNAPPY_FALSE=''
SNAPPY_TRUE='#'
STRIP='strip'
SWIG=''
SWIG_LIB=''
TCMalloc_FALSE=''
TCMalloc_TRUE='#'
TESTS_JUNIT=''
UUDECODE=''
VERSION='2.8.1'
VERSION_MAJOR='2'
VERSION_MINOR='8'
VERSION_NOPATCH='2.8'
VERSION_PATCH='1'
VERSION_STRING='"WiredTiger 2.8.1: (March 24, 2016)"'
WINDOWS_HOST_FALSE=''
WINDOWS_HOST_TRUE='#'
ZLIB_FALSE=''
ZLIB_TRUE='#'
_ACJNI_JAVAC=''
ac_ct_CC='cc'
ac_ct_CXX='c++'
ac_ct_DUMPBIN=''
am__EXEEXT_FALSE=''
am__EXEEXT_TRUE='#'
am__fastdepCCAS_FALSE='#'
am__fastdepCCAS_TRUE=''
am__fastdepCC_FALSE='#'
am__fastdepCC_TRUE=''
am__fastdepCXX_FALSE='#'
am__fastdepCXX_TRUE=''
am__include='include'
am__isrc=''
am__leading_dot='.'
am__nodep='_no'
am__quote=''
am__tar='$${TAR-tar} chof - "$$tardir"'
am__untar='$${TAR-tar} xf -'
bindir='${exec_prefix}/bin'
build='x86_64-unknown-linux-gnu'
build_alias=''
build_cpu='x86_64'
build_os='linux-gnu'
build_vendor='unknown'
datadir='${datarootdir}'
datarootdir='${prefix}/share'
docdir='${datarootdir}/doc/${PACKAGE_TARNAME}'
dvidir='${docdir}'
exec_prefix='${prefix}'
host='x86_64-unknown-linux-gnu'
host_alias=''
host_cpu='x86_64'
host_os='linux-gnu'
host_vendor='unknown'
htmldir='${docdir}'
includedir='${prefix}/include'
infodir='${datarootdir}/info'
install_sh='${SHELL} /home/xixuan.lx/taobao/wiredtiger-mongodb-3.2.9/build_posix/gnu-support/install-sh'
libdir='${exec_prefix}/lib'
libexecdir='${exec_prefix}/libexec'
localedir='${datarootdir}/locale'
localstatedir='${prefix}/var'
lt_ECHO='echo'
mandir='${datarootdir}/man'
mkdir_p='$(MKDIR_P)'
off_t_decl='typedef off_t wt_off_t;'
oldincludedir='/usr/include'
pdfdir='${docdir}'
pid_t_decl=''
pkgpyexecdir=''
pkgpythondir=''
prefix='/usr/local'
program_transform_name='s,x,x,'
psdir='${docdir}'
pyexecdir=''
pythondir=''
sbindir='${exec_prefix}/sbin'
sharedstatedir='${prefix}/com'
size_t_decl=''
ssize_t_decl=''
sysconfdir='${prefix}/etc'
target_alias=''
time_t_decl=''
uintmax_t_decl=''
uintptr_t_decl=''
wiredtiger_includes_decl='

## ----------- ##
## confdefs.h. ##
## ----------- ##

/* confdefs.h */
#define PACKAGE_NAME "WiredTiger"
#define PACKAGE_TARNAME "wiredtiger"
#define PACKAGE_VERSION "2.8.1"
#define PACKAGE_STRING "WiredTiger 2.8.1"
#define PACKAGE_BUGREPORT "support@wiredtiger.com"
#define PACKAGE_URL ""
#define PACKAGE "wiredtiger"
#define VERSION "2.8.1"
#define STDC_HEADERS 1
#define HAVE_SYS_TYPES_H 1
#define HAVE_SYS_STAT_H 1
#define HAVE_STDLIB_H 1
#define HAVE_STRING_H 1
#define HAVE_MEMORY_H 1
#define HAVE_STRINGS_H 1
#define HAVE_INTTYPES_H 1
#define HAVE_STDINT_H 1
#define HAVE_UNISTD_H 1
#define SPINLOCK_TYPE SPINLOCK_PTHREAD_MUTEX
#define HAVE_DLFCN_H 1
#define LT_OBJDIR ".libs/"
#define HAVE_X86INTRIN_H 1
#define HAVE_LIBPTHREAD 1
#define HAVE_LIBDL 1
#define HAVE_LIBRT 1
#define HAVE_CLOCK_GETTIME 1
#define HAVE_FALLOCATE 1
#define HAVE_FCNTL 1
#define HAVE_FREAD_UNLOCKED 1
#define HAVE_FTRUNCATE 1
#define HAVE_GETTIMEOFDAY 1
#define HAVE_POSIX_FADVISE 1
#define HAVE_POSIX_FALLOCATE 1
#define HAVE_POSIX_MADVISE 1
#define HAVE_STRTOUQ 1
#define HAVE_SYNC_FILE_RANGE 1
#define HAVE_FDATASYNC 1
#define HAVE_POSIX_MEMALIGN 1
#define WT_BUFFER_ALIGNMENT_DEFAULT 4096

configure: exit 0
